2024-02-13 14:55:46,043 [INFO] Activator:176 - 


2024-02-13 14:55:46,045 [INFO] Activator:177 - !SESSION log4j initialized
2024-02-13 14:55:52,378 [INFO] LogOutputStream:77 - [STDOUT_REDIRECT] 
2024-02-13 14:55:59,978 [INFO] ApplicationProperties:184 - Using Application install path: E:\ST\STM32CubeIDE_1.14.1\STM32CubeIDE\plugins\com.st.stm32cube.common.mx_6.10.0.202311202037
2024-02-13 14:56:00,011 [INFO] DbMcusXml:78 - Set database path to: E:\ST\STM32CubeIDE_1.14.1\STM32CubeIDE\plugins\com.st.stm32cube.common.mx_6.10.0.202311202037\\db\/mcu/
2024-02-13 14:56:00,011 [INFO] ApiDb:274 - Set plugin database path to: E:\ST\STM32CubeIDE_1.14.1\STM32CubeIDE\plugins\com.st.stm32cube.common.mx_6.10.0.202311202037\\db\/plugins/boardmanager/
2024-02-13 14:56:00,011 [WARN] ApiDb:259 - Overriding images path with different value:  => E:\ST\STM32CubeIDE_1.14.1\STM32CubeIDE\plugins\com.st.stm32cube.common.mx_6.10.0.202311202037\\db\/plugins/mcufinder/images/
2024-02-13 14:56:03,250 [INFO] ApiDb:250 - Set database path to: C:\Users\Downy\.stmcufinder\plugins\mcufinder//mcu/
2024-02-13 14:56:03,255 [INFO] DbMcusAds:125 - Set database path to: C:\Users\Downy\.stmcufinder\plugins\mcufinder//mcu/
2024-02-13 14:56:03,261 [INFO] CrossReferenceDbSqlite:203 - Set database path to: C:\Users\Downy\.stmcufinder\plugins\mcufinder//mcu/cs/
2024-02-13 14:56:03,427 [INFO] RulesReader:64 - Compatibility file has been processed (297 Rules)
2024-02-13 14:56:03,547 [INFO] DbMcusXml:78 - Set database path to: E:\ST\STM32CubeIDE_1.14.1\STM32CubeIDE\plugins\com.st.stm32cube.common.mx_6.10.0.202311202037\\db\/mcu/
2024-02-13 14:56:03,547 [INFO] ApiDb:274 - Set plugin database path to: E:\ST\STM32CubeIDE_1.14.1\STM32CubeIDE\plugins\com.st.stm32cube.common.mx_6.10.0.202311202037\\db\/plugins/boardmanager/
2024-02-13 14:56:03,548 [INFO] ApiDb:261 - Set plugin images path to: E:\ST\STM32CubeIDE_1.14.1\STM32CubeIDE\plugins\com.st.stm32cube.common.mx_6.10.0.202311202037\\db\/plugins/mcufinder/images/
2024-02-13 14:56:03,548 [WARN] DbFile:41 - Overriding database path with different value: C:\Users\Downy\.stmcufinder\plugins\mcufinder/ => C:\Users\Downy\.stmcufinder\plugins\mcufinder
2024-02-13 14:56:03,548 [INFO] ApiDb:250 - Set database path to: C:\Users\Downy\.stmcufinder\plugins\mcufinder//mcu/
2024-02-13 14:56:03,548 [WARN] DbFile:41 - Overriding database path with different value: C:\Users\Downy\.stmcufinder\plugins\mcufinder/ => C:\Users\Downy\.stmcufinder\plugins\mcufinder
2024-02-13 14:56:03,549 [INFO] DbMcusAds:125 - Set database path to: C:\Users\Downy\.stmcufinder\plugins\mcufinder//mcu/
2024-02-13 14:56:03,549 [WARN] DbFile:41 - Overriding database path with different value: C:\Users\Downy\.stmcufinder\plugins\mcufinder/ => C:\Users\Downy\.stmcufinder\plugins\mcufinder
2024-02-13 14:56:03,549 [WARN] DbFile:41 - Overriding database path with different value: C:\Users\Downy\.stmcufinder\plugins\mcufinder/ => C:\Users\Downy\.stmcufinder\plugins\mcufinder
2024-02-13 14:56:03,549 [INFO] CrossReferenceDbSqlite:203 - Set database path to: C:\Users\Downy\.stmcufinder\plugins\mcufinder//mcu/cs/
2024-02-13 14:56:03,641 [INFO] MainPanel:264 - HeapMemory: 268435456
2024-02-13 14:56:03,717 [INFO] DbMcusXml:78 - Set database path to: E:\ST\STM32CubeIDE_1.14.1\STM32CubeIDE\plugins\com.st.stm32cube.common.mx_6.10.0.202311202037\\db\/mcu/
2024-02-13 14:56:03,717 [INFO] ApiDb:274 - Set plugin database path to: E:\ST\STM32CubeIDE_1.14.1\STM32CubeIDE\plugins\com.st.stm32cube.common.mx_6.10.0.202311202037\\db\/plugins/boardmanager/
2024-02-13 14:56:03,717 [INFO] ApiDb:261 - Set plugin images path to: E:\ST\STM32CubeIDE_1.14.1\STM32CubeIDE\plugins\com.st.stm32cube.common.mx_6.10.0.202311202037\\db\/plugins/mcufinder/images/
2024-02-13 14:56:03,718 [WARN] DbFile:41 - Overriding database path with different value: C:\Users\Downy\.stmcufinder\plugins\mcufinder/ => C:\Users\Downy\.stmcufinder\plugins\mcufinder
2024-02-13 14:56:03,718 [INFO] ApiDb:250 - Set database path to: C:\Users\Downy\.stmcufinder\plugins\mcufinder//mcu/
2024-02-13 14:56:03,718 [WARN] DbFile:41 - Overriding database path with different value: C:\Users\Downy\.stmcufinder\plugins\mcufinder/ => C:\Users\Downy\.stmcufinder\plugins\mcufinder
2024-02-13 14:56:03,719 [INFO] DbMcusAds:125 - Set database path to: C:\Users\Downy\.stmcufinder\plugins\mcufinder//mcu/
2024-02-13 14:56:03,719 [WARN] DbFile:41 - Overriding database path with different value: C:\Users\Downy\.stmcufinder\plugins\mcufinder/ => C:\Users\Downy\.stmcufinder\plugins\mcufinder
2024-02-13 14:56:03,719 [WARN] DbFile:41 - Overriding database path with different value: C:\Users\Downy\.stmcufinder\plugins\mcufinder/ => C:\Users\Downy\.stmcufinder\plugins\mcufinder
2024-02-13 14:56:03,719 [INFO] CrossReferenceDbSqlite:203 - Set database path to: C:\Users\Downy\.stmcufinder\plugins\mcufinder//mcu/cs/
2024-02-13 14:56:03,747 [INFO] ApplicationProperties:184 - Using Application install path: E:\ST\STM32CubeIDE_1.14.1\STM32CubeIDE\plugins\com.st.stm32cube.common.mx_6.10.0.202311202037
2024-02-13 14:56:03,749 [INFO] PluginManage:196 - Search for loadable plugins [exclusion list=, ]
2024-02-13 14:56:03,751 [INFO] PluginManage:310 - Check plugin analytics
2024-02-13 14:56:08,563 [INFO] AnalyticsPlugin:253 - Accepted Software Licenses: 
2024-02-13 14:56:08,563 [INFO] AnalyticsPlugin:255 - Accepted CMSIS Pack Licenses: 
2024-02-13 14:56:08,564 [INFO] AnalyticsPlugin:257 - Accepted Firmware Licenses: 
2024-02-13 14:56:08,568 [INFO] PluginManage:359 - Loaded plugin analytics (category:tool,tabindex:-1)
2024-02-13 14:56:08,568 [INFO] PluginManage:310 - Check plugin cadmodel
2024-02-13 14:56:08,589 [INFO] CADModel:105 - Init CAD model plugin
2024-02-13 14:56:08,589 [INFO] PluginManage:359 - Loaded plugin cadmodel (category:power,tabindex:5)
2024-02-13 14:56:08,589 [INFO] PluginManage:310 - Check plugin clock
2024-02-13 14:56:08,619 [INFO] PluginManage:359 - Loaded plugin clock (category:base,tabindex:2)
2024-02-13 14:56:08,619 [INFO] PluginManage:310 - Check plugin ddr
2024-02-13 14:56:08,623 [INFO] PluginManage:359 - Loaded plugin ddr (category:tool,tabindex:6)
2024-02-13 14:56:08,624 [INFO] PluginManage:310 - Check plugin filemanager
2024-02-13 14:56:08,828 [INFO] PluginManage:359 - Loaded plugin filemanager (category:base,tabindex:10)
2024-02-13 14:56:08,828 [INFO] PluginManage:310 - Check plugin ipmanager
2024-02-13 14:56:08,837 [INFO] PluginManage:359 - Loaded plugin ipmanager (category:base,tabindex:5)
2024-02-13 14:56:08,838 [INFO] PluginManage:310 - Check plugin lpbam
2024-02-13 14:56:08,860 [INFO] PluginManage:359 - Loaded plugin lpbam (category:base,tabindex:0)
2024-02-13 14:56:08,860 [INFO] PluginManage:310 - Check plugin memorymap
2024-02-13 14:56:08,890 [INFO] PluginManage:359 - Loaded plugin memorymap (category:base,tabindex:4)
2024-02-13 14:56:08,890 [INFO] PluginManage:310 - Check plugin pinoutandconfiguration
2024-02-13 14:56:08,910 [INFO] PluginManage:359 - Loaded plugin pinoutandconfiguration (category:base,tabindex:1)
2024-02-13 14:56:08,910 [INFO] PluginManage:310 - Check plugin pinoutconfig
2024-02-13 14:56:09,080 [WARN] SupportedApi:132 - Cannot load RTOS API schema: s4s-elt-must-match.1: The content of 'definitions' must match (annotation?, (simpleType | complexType)?, (unique | key | keyref)*)). A problem was found starting at: attribute.
2024-02-13 14:56:09,249 [INFO] PluginManage:359 - Loaded plugin pinoutconfig (category:base,tabindex:0)
2024-02-13 14:56:09,249 [INFO] PluginManage:310 - Check plugin power
2024-02-13 14:56:09,274 [INFO] PluginManage:359 - Loaded plugin power (category:power,tabindex:4)
2024-02-13 14:56:09,274 [INFO] PluginManage:310 - Check plugin projectmanager
2024-02-13 14:56:09,297 [INFO] PluginManage:359 - Loaded plugin projectmanager (category:projectmanager,tabindex:3)
2024-02-13 14:56:09,297 [INFO] PluginManage:310 - Check plugin thirdparty
2024-02-13 14:56:09,640 [INFO] PluginManage:359 - Loaded plugin thirdparty (category:base,tabindex:-1)
2024-02-13 14:56:09,641 [INFO] PluginManage:310 - Check plugin tools
2024-02-13 14:56:09,640 [WARN] IntegrityCheckThread:84 - waiting for thirdparty lock release [integrity check]
2024-02-13 14:56:09,641 [INFO] IntegrityCheckThread:86 - entering critical section [integrity check]
2024-02-13 14:56:09,642 [INFO] ThirdPartyUpdaterWithRetryManager:70 - Updater plugin not ready yet. [1/15]
2024-02-13 14:56:09,688 [INFO] PluginManage:359 - Loaded plugin tools (category:base,tabindex:7)
2024-02-13 14:56:09,688 [INFO] PluginManage:310 - Check plugin tutovideos
2024-02-13 14:56:09,964 [INFO] PluginManage:359 - Loaded plugin tutovideos (category:base,tabindex:-1)
2024-02-13 14:56:09,964 [INFO] PluginManage:310 - Check plugin updater
2024-02-13 14:56:09,978 [INFO] PluginManage:359 - Loaded plugin updater (category:base,tabindex:12)
2024-02-13 14:56:09,978 [INFO] PluginManage:310 - Check plugin userauth
2024-02-13 14:56:09,985 [INFO] UserAuth:114 - Init User Auth plugin
2024-02-13 14:56:09,985 [INFO] PluginManage:359 - Loaded plugin userauth (category:base,tabindex:14)
2024-02-13 14:56:09,986 [INFO] PluginManage:283 - PluginManage : Loaded plugins [17]
2024-02-13 14:56:10,286 [INFO] PinOutPanel:1499 - setPackage(No Configuration,No Configuration)
2024-02-13 14:56:10,386 [INFO] CADModel:165 - CPN selected for project level
2024-02-13 14:56:10,386 [INFO] CADModel:114 - Register for checkConnection events
2024-02-13 14:56:10,418 [INFO] IPUIPlugin:80 - create IPUIPlugin
2024-02-13 14:56:10,418 [INFO] PluginManager:220 - loadIPPluginJar : add adc
2024-02-13 14:56:10,463 [INFO] IPUIPlugin:80 - create IPUIPlugin
2024-02-13 14:56:10,464 [INFO] PluginManager:220 - loadIPPluginJar : add aes
2024-02-13 14:56:10,516 [INFO] IPUIPlugin:80 - create IPUIPlugin
2024-02-13 14:56:10,516 [INFO] PluginManager:220 - loadIPPluginJar : add can
2024-02-13 14:56:10,545 [INFO] IPUIPlugin:80 - create IPUIPlugin
2024-02-13 14:56:10,545 [INFO] PluginManager:220 - loadIPPluginJar : add comp
2024-02-13 14:56:10,586 [INFO] IPUIPlugin:80 - create IPUIPlugin
2024-02-13 14:56:10,586 [INFO] PluginManager:220 - loadIPPluginJar : add cryp
2024-02-13 14:56:10,631 [INFO] IPUIPlugin:80 - create IPUIPlugin
2024-02-13 14:56:10,631 [INFO] PluginManager:220 - loadIPPluginJar : add dfsdm
2024-02-13 14:56:10,648 [INFO] IPUIPlugin:80 - create IPUIPlugin
2024-02-13 14:56:10,649 [INFO] PluginManager:220 - loadIPPluginJar : add dma
2024-02-13 14:56:10,700 [INFO] IPUIPlugin:80 - create IPUIPlugin
2024-02-13 14:56:10,700 [INFO] PluginManager:220 - loadIPPluginJar : add dma3
2024-02-13 14:56:10,725 [INFO] IPUIPlugin:80 - create IPUIPlugin
2024-02-13 14:56:10,725 [INFO] PluginManager:220 - loadIPPluginJar : add fatfs
2024-02-13 14:56:10,781 [INFO] IPUIPlugin:80 - create IPUIPlugin
2024-02-13 14:56:10,781 [INFO] PluginManager:220 - loadIPPluginJar : add fmc
2024-02-13 14:56:10,799 [INFO] IPUIPlugin:80 - create IPUIPlugin
2024-02-13 14:56:10,799 [INFO] PluginManager:220 - loadIPPluginJar : add freertos
2024-02-13 14:56:10,825 [INFO] IPUIPlugin:80 - create IPUIPlugin
2024-02-13 14:56:10,826 [INFO] PluginManager:220 - loadIPPluginJar : add genericplugin
2024-02-13 14:56:10,942 [INFO] IPUIPlugin:80 - create IPUIPlugin
2024-02-13 14:56:10,943 [INFO] PluginManager:220 - loadIPPluginJar : add gfxmmu
2024-02-13 14:56:11,105 [INFO] IPUIPlugin:80 - create IPUIPlugin
2024-02-13 14:56:11,105 [INFO] PluginManager:220 - loadIPPluginJar : add gic
2024-02-13 14:56:11,125 [INFO] IPUIPlugin:80 - create IPUIPlugin
2024-02-13 14:56:11,125 [INFO] PluginManager:220 - loadIPPluginJar : add gpio
2024-02-13 14:56:11,245 [INFO] IPUIPlugin:80 - create IPUIPlugin
2024-02-13 14:56:11,245 [INFO] PluginManager:220 - loadIPPluginJar : add gtzc
2024-02-13 14:56:11,292 [INFO] IPUIPlugin:80 - create IPUIPlugin
2024-02-13 14:56:11,293 [INFO] PluginManager:220 - loadIPPluginJar : add hash
2024-02-13 14:56:11,365 [INFO] IPUIPlugin:80 - create IPUIPlugin
2024-02-13 14:56:11,366 [INFO] PluginManager:220 - loadIPPluginJar : add i2c
2024-02-13 14:56:11,419 [INFO] IPUIPlugin:80 - create IPUIPlugin
2024-02-13 14:56:11,419 [INFO] PluginManager:220 - loadIPPluginJar : add i2s
2024-02-13 14:56:11,468 [INFO] IPUIPlugin:80 - create IPUIPlugin
2024-02-13 14:56:11,468 [INFO] PluginManager:220 - loadIPPluginJar : add i3c
2024-02-13 14:56:11,596 [INFO] IPUIPlugin:80 - create IPUIPlugin
2024-02-13 14:56:11,596 [INFO] PluginManager:220 - loadIPPluginJar : add ipddr
2024-02-13 14:56:11,713 [INFO] IPUIPlugin:80 - create IPUIPlugin
2024-02-13 14:56:11,714 [INFO] PluginManager:220 - loadIPPluginJar : add linkedlist
2024-02-13 14:56:11,759 [INFO] IPUIPlugin:80 - create IPUIPlugin
2024-02-13 14:56:11,759 [INFO] PluginManager:220 - loadIPPluginJar : add lorawan
2024-02-13 14:56:11,804 [INFO] IPUIPlugin:80 - create IPUIPlugin
2024-02-13 14:56:11,804 [INFO] PluginManager:220 - loadIPPluginJar : add ltdc
2024-02-13 14:56:11,823 [INFO] IPUIPlugin:80 - create IPUIPlugin
2024-02-13 14:56:11,823 [INFO] PluginManager:220 - loadIPPluginJar : add mdma
2024-02-13 14:56:11,839 [INFO] IPUIPlugin:80 - create IPUIPlugin
2024-02-13 14:56:11,839 [INFO] PluginManager:220 - loadIPPluginJar : add nvic
2024-02-13 14:56:11,882 [INFO] IPUIPlugin:80 - create IPUIPlugin
2024-02-13 14:56:11,882 [INFO] PluginManager:220 - loadIPPluginJar : add opamp
2024-02-13 14:56:11,961 [INFO] IPUIPlugin:80 - create IPUIPlugin
2024-02-13 14:56:11,961 [INFO] PluginManager:220 - loadIPPluginJar : add openamp
2024-02-13 14:56:12,019 [INFO] IPUIPlugin:80 - create IPUIPlugin
2024-02-13 14:56:12,019 [INFO] PluginManager:220 - loadIPPluginJar : add pdm2pcm
2024-02-13 14:56:12,038 [INFO] IPUIPlugin:80 - create IPUIPlugin
2024-02-13 14:56:12,040 [INFO] PluginManager:220 - loadIPPluginJar : add plateformsettings
2024-02-13 14:56:12,066 [INFO] IPUIPlugin:80 - create IPUIPlugin
2024-02-13 14:56:12,066 [INFO] PluginManager:220 - loadIPPluginJar : add quadspi
2024-02-13 14:56:12,084 [INFO] IPUIPlugin:80 - create IPUIPlugin
2024-02-13 14:56:12,084 [INFO] PluginManager:220 - loadIPPluginJar : add resmgrutility
2024-02-13 14:56:12,143 [INFO] IPUIPlugin:80 - create IPUIPlugin
2024-02-13 14:56:12,143 [INFO] PluginManager:220 - loadIPPluginJar : add sai
2024-02-13 14:56:12,187 [INFO] IPUIPlugin:80 - create IPUIPlugin
2024-02-13 14:56:12,188 [INFO] PluginManager:220 - loadIPPluginJar : add spi
2024-02-13 14:56:12,267 [INFO] IPUIPlugin:80 - create IPUIPlugin
2024-02-13 14:56:12,268 [INFO] PluginManager:220 - loadIPPluginJar : add stm32_wpan
2024-02-13 14:56:12,298 [INFO] IPUIPlugin:80 - create IPUIPlugin
2024-02-13 14:56:12,298 [INFO] PluginManager:220 - loadIPPluginJar : add tim
2024-02-13 14:56:12,362 [INFO] IPUIPlugin:80 - create IPUIPlugin
2024-02-13 14:56:12,362 [INFO] PluginManager:220 - loadIPPluginJar : add touchsensing
2024-02-13 14:56:12,392 [INFO] IPUIPlugin:80 - create IPUIPlugin
2024-02-13 14:56:12,392 [INFO] PluginManager:220 - loadIPPluginJar : add tracer_emb
2024-02-13 14:56:12,420 [INFO] IPUIPlugin:80 - create IPUIPlugin
2024-02-13 14:56:12,420 [INFO] PluginManager:220 - loadIPPluginJar : add ts
2024-02-13 14:56:12,447 [INFO] IPUIPlugin:80 - create IPUIPlugin
2024-02-13 14:56:12,447 [INFO] PluginManager:220 - loadIPPluginJar : add tsc
2024-02-13 14:56:12,473 [INFO] IPUIPlugin:80 - create IPUIPlugin
2024-02-13 14:56:12,473 [INFO] PluginManager:220 - loadIPPluginJar : add ucpd
2024-02-13 14:56:12,526 [INFO] IPUIPlugin:80 - create IPUIPlugin
2024-02-13 14:56:12,526 [INFO] PluginManager:220 - loadIPPluginJar : add usart
2024-02-13 14:56:12,577 [INFO] IPUIPlugin:80 - create IPUIPlugin
2024-02-13 14:56:12,577 [INFO] PluginManager:220 - loadIPPluginJar : add usbx
2024-02-13 14:56:12,644 [INFO] ThirdPartyUpdaterWithRetryManager:70 - Updater plugin not ready yet. [2/15]
2024-02-13 14:56:12,722 [INFO] CADModel:165 - CPN selected for project level
2024-02-13 14:56:12,722 [INFO] CADModel:114 - Register for checkConnection events
2024-02-13 14:56:12,722 [FATAL] Updater:308 - Updater called before beeing initialized
2024-02-13 14:56:12,722 [ERROR] CADModel:125 - Updater not yet initialized, retry later 
2024-02-13 14:56:12,911 [INFO] CADModel:165 - CPN selected for project level
2024-02-13 14:56:12,911 [INFO] CADModel:114 - Register for checkConnection events
2024-02-13 14:56:12,911 [FATAL] Updater:308 - Updater called before beeing initialized
2024-02-13 14:56:12,912 [ERROR] CADModel:125 - Updater not yet initialized, retry later 
2024-02-13 14:56:12,915 [FATAL] Updater:308 - Updater called before beeing initialized
2024-02-13 14:56:13,056 [FATAL] Updater:308 - Updater called before beeing initialized
2024-02-13 14:56:13,060 [INFO] DbMcusAds:53 - JSON generation date=Thu Sep 30 15:55:09 KST 2021 (1632984909247)
2024-02-13 14:56:13,060 [FATAL] Updater:308 - Updater called before beeing initialized
2024-02-13 14:56:13,156 [WARN] DetailPanel:346 - Failed to get advertising image, set to default
2024-02-13 14:56:13,277 [FATAL] Updater:308 - Updater called before beeing initialized
2024-02-13 14:56:13,279 [FATAL] Updater:308 - Updater called before beeing initialized
2024-02-13 14:56:13,279 [FATAL] Updater:308 - Updater called before beeing initialized
2024-02-13 14:56:13,279 [WARN] DetailPanel:346 - Failed to get advertising image, set to default
2024-02-13 14:56:13,280 [FATAL] Updater:308 - Updater called before beeing initialized
2024-02-13 14:56:13,360 [ERROR] Updater:1120 - MainUpdater not yet initialized. External WinMGr cannot be set.
2024-02-13 14:56:13,375 [INFO] Updater:1056 - Updater Version found : 6.10.0
2024-02-13 14:56:13,398 [INFO] ApplicationProperties:184 - Using Application install path: E:\ST\STM32CubeIDE_1.14.1\STM32CubeIDE\plugins\com.st.stm32cube.common.mx_6.10.0.202311202037
2024-02-13 14:56:13,446 [INFO] MainUpdater:526 - Copy updater definitions from MX database
2024-02-13 14:56:13,487 [INFO] MainUpdater:559 - Copy flag file definitions from MX database
2024-02-13 14:56:13,495 [INFO] MainUpdater:575 - Copy thirdparty index definitions from MX database
2024-02-13 14:56:13,498 [INFO] MainUpdater:594 - Copy default thirdparty db definitions from MX database
2024-02-13 14:56:13,926 [INFO] MainUpdater:2873 - connection check result : 10
2024-02-13 14:56:13,927 [INFO] MainUpdater:3567 - Updater definition file requires update
2024-02-13 14:56:13,928 [INFO] MainUpdater:290 - Updater Check For Update Now.
2024-02-13 14:56:13,929 [INFO] MicroXplorer:498 - Change Database Version : DB.6.0.100
2024-02-13 14:56:13,952 [INFO] McuFinderGlobals:63 - Set McuFinder mode to 2 (CubeIDE integrated)
2024-02-13 14:56:13,952 [INFO] UserAuth:180 - activating auth plugin
2024-02-13 14:56:13,955 [INFO] UserAuth:404 - Internet connection configuration mode: 1
2024-02-13 14:56:13,977 [INFO] JxBrowserEngine:152 - Initiate JxBrowser Engine with user profile folder
2024-02-13 14:56:14,221 [INFO] ServerAccessManage:473 - Download File updaters.zip
2024-02-13 14:56:14,372 [INFO] FileExtend:240 - Unzip File : updaters.zip
2024-02-13 14:56:14,373 [INFO] FileExtend:255 - Standard Zip Deflate
2024-02-13 14:56:15,044 [INFO] ServerAccessManage:473 - Download File PacksControlFlags.xml
2024-02-13 14:56:15,234 [INFO] ServerAccessManage:473 - Download File cubemx.pidx
2024-02-13 14:56:15,646 [WARN] MainUpdater:1194 - Updater busy. Cannot search thirdparties
2024-02-13 14:56:15,647 [INFO] ThirdPartyUpdaterWithRetryManager:96 - Updater plugin is busy. [1/15]
2024-02-13 14:56:15,759 [INFO] ServerAccessManage:473 - Download File STMicroelectronics.FP-ATR-ASTRA1.pdsc
2024-02-13 14:56:16,285 [INFO] ServerAccessManage:473 - Download File STMicroelectronics.FP-ATR-SIGFOX1.pdsc
2024-02-13 14:56:16,559 [INFO] ServerAccessManage:473 - Download File STMicroelectronics.FP-SNS-FLIGHT1.pdsc
2024-02-13 14:56:17,100 [INFO] ServerAccessManage:473 - Download File STMicroelectronics.FP-SNS-MOTENV1.pdsc
2024-02-13 14:56:17,611 [INFO] ServerAccessManage:473 - Download File STMicroelectronics.FP-SNS-MOTENVWB1.pdsc
2024-02-13 14:56:18,015 [INFO] ServerAccessManage:473 - Download File STMicroelectronics.FP-SNS-SMARTAG2.pdsc
2024-02-13 14:56:18,327 [INFO] ServerAccessManage:473 - Download File STMicroelectronics.X-CUBE-AI.pdsc
2024-02-13 14:56:18,649 [WARN] MainUpdater:1194 - Updater busy. Cannot search thirdparties
2024-02-13 14:56:18,649 [INFO] ThirdPartyUpdaterWithRetryManager:96 - Updater plugin is busy. [2/15]
2024-02-13 14:56:20,414 [INFO] ServerAccessManage:473 - Download File STMicroelectronics.X-CUBE-ALS.pdsc
2024-02-13 14:56:20,777 [INFO] ServerAccessManage:473 - Download File STMicroelectronics.X-CUBE-BLE1.pdsc
2024-02-13 14:56:21,102 [INFO] WebApp:161 - Instantiating new browser for Auth
2024-02-13 14:56:21,649 [WARN] MainUpdater:1194 - Updater busy. Cannot search thirdparties
2024-02-13 14:56:21,649 [INFO] ThirdPartyUpdaterWithRetryManager:96 - Updater plugin is busy. [3/15]
2024-02-13 14:56:22,103 [INFO] WebApp:780 - Register for checkConnection events
2024-02-13 14:56:22,103 [INFO] WebApp:414 - Apply proxy settings
2024-02-13 14:56:22,103 [INFO] WebApp:499 - Chromium requires no authentication
2024-02-13 14:56:22,114 [INFO] WebApp:442 - Direct internet connection detected
2024-02-13 14:56:22,431 [INFO] WebApp:192 - Starting web application
2024-02-13 14:56:22,432 [INFO] WebApp:544 - Web application path used E:\ST\STM32CubeIDE_1.14.1\STM32CubeIDE\plugins\com.st.stm32cube.common.mx_6.10.0.202311202037\db\plugins\mcufinder\reactClient1\index.html
2024-02-13 14:56:23,692 [ERROR] ServerAccessManage:1089 - Problem, file not found on Server
2024-02-13 14:56:23,806 [INFO] ServerAccessManage:473 - Download File STMicroelectronics.X-CUBE-BLE2.pdsc
2024-02-13 14:56:24,651 [WARN] MainUpdater:1194 - Updater busy. Cannot search thirdparties
2024-02-13 14:56:24,651 [INFO] ThirdPartyUpdaterWithRetryManager:96 - Updater plugin is busy. [4/15]
2024-02-13 14:56:25,194 [INFO] ServerAccessManage:473 - Download File STMicroelectronics.X-CUBE-BLEMGR.pdsc
2024-02-13 14:56:26,393 [INFO] ServerAccessManage:473 - Download File STMicroelectronics.X-CUBE-DISPLAY.pdsc
2024-02-13 14:56:27,209 [INFO] ServerAccessManage:473 - Download File STMicroelectronics.X-CUBE-EEPRMA1.pdsc
2024-02-13 14:56:27,652 [WARN] MainUpdater:1194 - Updater busy. Cannot search thirdparties
2024-02-13 14:56:27,652 [INFO] ThirdPartyUpdaterWithRetryManager:96 - Updater plugin is busy. [5/15]
2024-02-13 14:56:28,290 [ERROR] ServerAccessManage:1089 - Problem, file not found on Server
2024-02-13 14:56:29,559 [ERROR] ServerAccessManage:1089 - Problem, file not found on Server
2024-02-13 14:56:30,362 [INFO] ServerAccessManage:473 - Download File STMicroelectronics.X-CUBE-FREERTOS.pdsc
2024-02-13 14:56:30,654 [WARN] MainUpdater:1194 - Updater busy. Cannot search thirdparties
2024-02-13 14:56:30,654 [INFO] ThirdPartyUpdaterWithRetryManager:96 - Updater plugin is busy. [6/15]
2024-02-13 14:56:30,823 [INFO] ServerAccessManage:473 - Download File STMicroelectronics.X-CUBE-GNSS1.pdsc
2024-02-13 14:56:32,664 [ERROR] ServerAccessManage:1089 - Problem, file not found on Server
2024-02-13 14:56:33,655 [WARN] MainUpdater:1194 - Updater busy. Cannot search thirdparties
2024-02-13 14:56:33,655 [INFO] ThirdPartyUpdaterWithRetryManager:96 - Updater plugin is busy. [7/15]
2024-02-13 14:56:33,672 [ERROR] ServerAccessManage:1089 - Problem, file not found on Server
2024-02-13 14:56:34,805 [ERROR] ServerAccessManage:1089 - Problem, file not found on Server
2024-02-13 14:56:35,709 [ERROR] ServerAccessManage:1089 - Problem, file not found on Server
2024-02-13 14:56:36,584 [ERROR] ServerAccessManage:1089 - Problem, file not found on Server
2024-02-13 14:56:36,656 [WARN] MainUpdater:1194 - Updater busy. Cannot search thirdparties
2024-02-13 14:56:36,656 [INFO] ThirdPartyUpdaterWithRetryManager:96 - Updater plugin is busy. [8/15]
2024-02-13 14:56:37,476 [ERROR] ServerAccessManage:1089 - Problem, file not found on Server
2024-02-13 14:56:37,608 [INFO] ServerAccessManage:473 - Download File STMicroelectronics.X-CUBE-ISPU.pdsc
2024-02-13 14:56:38,122 [INFO] ServerAccessManage:473 - Download File STMicroelectronics.X-CUBE-MEMS1.pdsc
2024-02-13 14:56:39,656 [WARN] MainUpdater:1194 - Updater busy. Cannot search thirdparties
2024-02-13 14:56:39,656 [INFO] ThirdPartyUpdaterWithRetryManager:96 - Updater plugin is busy. [9/15]
2024-02-13 14:56:41,735 [INFO] ServerAccessManage:473 - Download File STMicroelectronics.X-CUBE-NFC4.pdsc
2024-02-13 14:56:42,658 [WARN] MainUpdater:1194 - Updater busy. Cannot search thirdparties
2024-02-13 14:56:42,658 [INFO] ThirdPartyUpdaterWithRetryManager:96 - Updater plugin is busy. [10/15]
2024-02-13 14:56:43,408 [INFO] ServerAccessManage:473 - Download File STMicroelectronics.X-CUBE-NFC6.pdsc
2024-02-13 14:56:43,759 [INFO] ServerAccessManage:473 - Download File STMicroelectronics.X-CUBE-NFC7.pdsc
2024-02-13 14:56:43,780 [ERROR] LogOutputStream:75 - [STDERR_REDIRECT] SLF4J: Failed to load class "org.slf4j.impl.StaticLoggerBinder".
2024-02-13 14:56:43,781 [ERROR] LogOutputStream:75 - [STDERR_REDIRECT] SLF4J: Defaulting to no-operation (NOP) logger implementation
2024-02-13 14:56:43,783 [ERROR] LogOutputStream:75 - [STDERR_REDIRECT] SLF4J: See http://www.slf4j.org/codes.html#StaticLoggerBinder for further details.
2024-02-13 14:56:44,327 [INFO] ServerAccessManage:473 - Download File STMicroelectronics.X-CUBE-SFXS2LP1.pdsc
2024-02-13 14:56:44,927 [INFO] ServerAccessManage:473 - Download File STMicroelectronics.X-CUBE-SUBG2.pdsc
2024-02-13 14:56:45,659 [WARN] MainUpdater:1194 - Updater busy. Cannot search thirdparties
2024-02-13 14:56:45,659 [INFO] ThirdPartyUpdaterWithRetryManager:96 - Updater plugin is busy. [11/15]
2024-02-13 14:56:46,146 [INFO] ServerAccessManage:473 - Download File STMicroelectronics.X-CUBE-SMBUS.pdsc
2024-02-13 14:56:47,538 [ERROR] ServerAccessManage:1089 - Problem, file not found on Server
2024-02-13 14:56:47,635 [INFO] ServerAccessManage:473 - Download File STMicroelectronics.X-CUBE-TOF1.pdsc
2024-02-13 14:56:48,660 [WARN] MainUpdater:1194 - Updater busy. Cannot search thirdparties
2024-02-13 14:56:48,660 [INFO] ThirdPartyUpdaterWithRetryManager:96 - Updater plugin is busy. [12/15]
2024-02-13 14:56:49,444 [ERROR] ServerAccessManage:1089 - Problem, file not found on Server
2024-02-13 14:56:49,659 [INFO] ServerAccessManage:473 - Download File STMicroelectronics.X-CUBE-TOUCHGFX.pdsc
2024-02-13 14:56:51,661 [WARN] MainUpdater:1194 - Updater busy. Cannot search thirdparties
2024-02-13 14:56:51,661 [INFO] ThirdPartyUpdaterWithRetryManager:96 - Updater plugin is busy. [13/15]
2024-02-13 14:56:52,521 [INFO] ServerAccessManage:473 - Download File STMicroelectronics.X-CUBE-ALGOBUILD.pdsc
2024-02-13 14:56:53,286 [INFO] ServerAccessManage:473 - Download File STMicroelectronics.X-CUBE-AZRTOS-H7.pdsc
2024-02-13 14:56:54,572 [INFO] ServerAccessManage:473 - Download File STMicroelectronics.X-CUBE-AZRTOS-F4.pdsc
2024-02-13 14:56:54,663 [WARN] MainUpdater:1194 - Updater busy. Cannot search thirdparties
2024-02-13 14:56:54,663 [INFO] ThirdPartyUpdaterWithRetryManager:96 - Updater plugin is busy. [14/15]
2024-02-13 14:56:55,013 [INFO] ServerAccessManage:473 - Download File STMicroelectronics.X-CUBE-AZRTOS-F7.pdsc
2024-02-13 14:56:55,513 [INFO] ServerAccessManage:473 - Download File STMicroelectronics.X-CUBE-AZRTOS-L4.pdsc
2024-02-13 14:56:55,948 [INFO] ServerAccessManage:473 - Download File STMicroelectronics.X-CUBE-AZRTOS-L5.pdsc
2024-02-13 14:56:56,567 [INFO] ServerAccessManage:473 - Download File STMicroelectronics.X-CUBE-AZRTOS-G0.pdsc
2024-02-13 14:56:57,094 [INFO] ServerAccessManage:473 - Download File STMicroelectronics.X-CUBE-AZRTOS-G4.pdsc
2024-02-13 14:56:57,592 [INFO] ServerAccessManage:473 - Download File STMicroelectronics.X-CUBE-AZRTOS-WB.pdsc
2024-02-13 14:56:57,664 [WARN] MainUpdater:1194 - Updater busy. Cannot search thirdparties
2024-02-13 14:56:57,664 [INFO] ThirdPartyUpdaterWithRetryManager:96 - Updater plugin is busy. [15/15]
2024-02-13 14:56:57,664 [ERROR] IntegrityCheckThread:130 - Cannot retrieve database content from updater: error -1
2024-02-13 14:56:57,664 [INFO] ThirdParty:978 - Integrity check success = false
2024-02-13 14:56:57,665 [INFO] IntegrityCheckThread:100 - exiting critical section [integrity check]
2024-02-13 14:56:57,665 [INFO] IntegrityCheckThread:103 - End integrity checks thread
2024-02-13 14:56:58,052 [INFO] ServerAccessManage:473 - Download File STMicroelectronics.X-CUBE-AZRTOS-WL.pdsc
2024-02-13 14:56:59,300 [INFO] ServerAccessManage:473 - Download File wolfSSL.I-CUBE-wolfSSL.pdsc
2024-02-13 14:57:03,348 [ERROR] ServerAccessManage:1089 - Problem, file not found on Server
2024-02-13 14:57:03,753 [ERROR] ServerAccessManage:1089 - Problem, file not found on Server
2024-02-13 14:57:04,202 [ERROR] ServerAccessManage:1089 - Problem, file not found on Server
2024-02-13 14:57:05,182 [ERROR] ServerAccessManage:1096 - Problem, Http access forbiden
2024-02-13 14:57:05,183 [ERROR] ServerAccessManage:651 - Problem, Http access forbiden : RoweBots.I-CUBE-UNISONRTOS.pdsc.
2024-02-13 14:57:06,153 [INFO] ServerAccessManage:473 - Download File SEGGER.I-CUBE-embOS.pdsc
2024-02-13 14:57:08,915 [INFO] ServerAccessManage:473 - Download File portGmbH.I-Cube-SoM-uGOAL.pdsc
2024-02-13 14:57:11,137 [ERROR] ServerAccessManage:1089 - Problem, file not found on Server
2024-02-13 14:57:11,358 [ERROR] ServerAccessManage:1089 - Problem, file not found on Server
2024-02-13 14:57:11,579 [ERROR] ServerAccessManage:1089 - Problem, file not found on Server
2024-02-13 14:57:14,348 [INFO] ServerAccessManage:473 - Download File emotas.I-CUBE-CANOPEN.pdsc
2024-02-13 14:57:16,058 [INFO] ServerAccessManage:473 - Download File WES.I-CUBE-Cesium.pdsc
2024-02-13 14:57:16,814 [ERROR] ServerAccessManage:1089 - Problem, file not found on Server
2024-02-13 14:57:17,171 [ERROR] ServerAccessManage:1089 - Problem, file not found on Server
2024-02-13 14:57:18,022 [INFO] ServerAccessManage:473 - Download File ITTIA_DB.I-CUBE-ITTIADB.pdsc
2024-02-13 14:57:21,533 [INFO] ServerAccessManage:473 - Download File Infineon.AIROC-Wi-Fi-Bluetooth-STM32.pdsc
2024-02-13 14:57:23,382 [WARN] CheckServerUpdateThread:151 - Open CheckUpdateFile Fail
2024-02-13 14:57:23,398 [WARN] PackLoader:240 - Cannot read IP mode file for STMicroelectronics.FP-ATR-ASTRA1.2.0.0
2024-02-13 14:57:23,416 [WARN] PackLoader:240 - Cannot read IP mode file for STMicroelectronics.FP-ATR-SIGFOX1.3.2.0
2024-02-13 14:57:23,427 [WARN] PackLoader:240 - Cannot read IP mode file for STMicroelectronics.FP-SNS-FLIGHT1.5.0.2
2024-02-13 14:57:23,438 [WARN] PackLoader:240 - Cannot read IP mode file for STMicroelectronics.FP-SNS-MOTENV1.4.3.2
2024-02-13 14:57:23,448 [WARN] PackLoader:240 - Cannot read IP mode file for STMicroelectronics.FP-SNS-MOTENVWB1.1.3.1
2024-02-13 14:57:23,459 [WARN] PackLoader:240 - Cannot read IP mode file for STMicroelectronics.FP-SNS-SMARTAG2.1.2.0
2024-02-13 14:57:23,467 [WARN] PackLoader:240 - Cannot read IP mode file for STMicroelectronics.X-CUBE-AI.8.1.0
2024-02-13 14:57:23,479 [WARN] PackLoader:240 - Cannot read IP mode file for STMicroelectronics.X-CUBE-ALS.1.0.1
2024-02-13 14:57:23,492 [WARN] PackLoader:240 - Cannot read IP mode file for STMicroelectronics.X-CUBE-BLE1.7.0.0
2024-02-13 14:57:23,505 [WARN] PackLoader:240 - Cannot read IP mode file for STMicroelectronics.X-CUBE-BLE2.3.3.0
2024-02-13 14:57:23,514 [INFO] CheckServerUpdateThread:120 - End of CheckServer Thread
2024-02-13 14:57:23,557 [WARN] PackLoader:240 - Cannot read IP mode file for STMicroelectronics.X-CUBE-BLEMGR.3.0.0
2024-02-13 14:57:23,582 [WARN] PackLoader:240 - Cannot read IP mode file for STMicroelectronics.X-CUBE-DISPLAY.3.0.0
2024-02-13 14:57:23,613 [WARN] PackLoader:240 - Cannot read IP mode file for STMicroelectronics.X-CUBE-EEPRMA1.5.1.0
2024-02-13 14:57:23,627 [WARN] PackLoader:240 - Cannot read IP mode file for STMicroelectronics.X-CUBE-FREERTOS.1.1.0
2024-02-13 14:57:23,636 [WARN] PackLoader:240 - Cannot read IP mode file for STMicroelectronics.X-CUBE-GNSS1.6.0.0
2024-02-13 14:57:23,647 [WARN] PackLoader:240 - Cannot read IP mode file for STMicroelectronics.X-CUBE-ISPU.2.0.0
2024-02-13 14:57:23,729 [WARN] PackLoader:240 - Cannot read IP mode file for STMicroelectronics.X-CUBE-MEMS1.10.0.0
2024-02-13 14:57:23,908 [WARN] PackLoader:240 - Cannot read IP mode file for STMicroelectronics.X-CUBE-NFC4.3.0.0
2024-02-13 14:57:23,921 [WARN] PackLoader:240 - Cannot read IP mode file for STMicroelectronics.X-CUBE-NFC6.3.0.0
2024-02-13 14:57:23,932 [WARN] PackLoader:240 - Cannot read IP mode file for STMicroelectronics.X-CUBE-NFC7.1.0.1
2024-02-13 14:57:23,941 [WARN] PackLoader:240 - Cannot read IP mode file for STMicroelectronics.X-CUBE-SFXS2LP1.4.0.0
2024-02-13 14:57:23,958 [WARN] PackLoader:240 - Cannot read IP mode file for STMicroelectronics.X-CUBE-SUBG2.5.0.0
2024-02-13 14:57:23,970 [WARN] PackLoader:240 - Cannot read IP mode file for STMicroelectronics.X-CUBE-SMBUS.2.1.0
2024-02-13 14:57:23,985 [WARN] PackLoader:240 - Cannot read IP mode file for STMicroelectronics.X-CUBE-TOF1.3.4.0
2024-02-13 14:57:24,007 [WARN] PackLoader:240 - Cannot read IP mode file for STMicroelectronics.X-CUBE-TOUCHGFX.4.23.0
2024-02-13 14:57:24,017 [WARN] PackLoader:240 - Cannot read IP mode file for STMicroelectronics.X-CUBE-ALGOBUILD.1.3.0
2024-02-13 14:57:24,046 [WARN] PackLoader:240 - Cannot read IP mode file for STMicroelectronics.X-CUBE-AZRTOS-H7.3.2.0
2024-02-13 14:57:24,070 [WARN] PackLoader:240 - Cannot read IP mode file for STMicroelectronics.X-CUBE-AZRTOS-F4.1.1.0
2024-02-13 14:57:24,089 [WARN] PackLoader:240 - Cannot read IP mode file for STMicroelectronics.X-CUBE-AZRTOS-F7.1.1.0
2024-02-13 14:57:24,117 [WARN] ConditionMgr:438 - getConditionDescription Invalid condition id : LAN8742 Phy interface Condition cause : null
2024-02-13 14:57:24,118 [WARN] PackLoader:240 - Cannot read IP mode file for STMicroelectronics.X-CUBE-AZRTOS-L4.2.0.0
2024-02-13 14:57:24,120 [WARN] ConditionMgr:1039 - genDependencies : Invalid condition id : LAN8742 Phy interface Condition cause : null
2024-02-13 14:57:24,120 [WARN] ConditionMgr:1039 - genDependencies : Invalid condition id : LAN8742 Phy interface Condition cause : null
2024-02-13 14:57:24,121 [WARN] ConditionMgr:1039 - genDependencies : Invalid condition id : LAN8742 Phy interface Condition cause : null
2024-02-13 14:57:24,141 [WARN] PackLoader:240 - Cannot read IP mode file for STMicroelectronics.X-CUBE-AZRTOS-L5.2.0.0
2024-02-13 14:57:24,163 [WARN] PackLoader:240 - Cannot read IP mode file for STMicroelectronics.X-CUBE-AZRTOS-G0.1.1.0
2024-02-13 14:57:24,189 [WARN] PackLoader:240 - Cannot read IP mode file for STMicroelectronics.X-CUBE-AZRTOS-G4.2.0.0
2024-02-13 14:57:24,203 [WARN] ConditionMgr:438 - getConditionDescription Invalid condition id : UX DEVICE CLASS RTOS Condition cause : null
2024-02-13 14:57:24,203 [WARN] ConditionMgr:438 - getConditionDescription Invalid condition id : UX DEVICE CLASS RTOS Condition cause : null
2024-02-13 14:57:24,207 [WARN] PackLoader:240 - Cannot read IP mode file for STMicroelectronics.X-CUBE-AZRTOS-WB.2.0.0
2024-02-13 14:57:24,208 [WARN] ConditionMgr:1039 - genDependencies : Invalid condition id : UX DEVICE CLASS RTOS Condition cause : null
2024-02-13 14:57:24,208 [WARN] ConditionMgr:1039 - genDependencies : Invalid condition id : UX DEVICE CLASS RTOS Condition cause : null
2024-02-13 14:57:24,208 [WARN] ConditionMgr:1039 - genDependencies : Invalid condition id : UX DEVICE CLASS RTOS Condition cause : null
2024-02-13 14:57:24,209 [WARN] ConditionMgr:1039 - genDependencies : Invalid condition id : UX DEVICE CLASS RTOS Condition cause : null
2024-02-13 14:57:24,209 [WARN] ConditionMgr:1039 - genDependencies : Invalid condition id : UX DEVICE CLASS RTOS Condition cause : null
2024-02-13 14:57:24,221 [INFO] LogOutputStream:77 - [STDOUT_REDIRECT] 1 : Invalid condition id : UX_CORESTACK_Condition cause : null
2024-02-13 14:57:24,222 [INFO] LogOutputStream:77 - [STDOUT_REDIRECT] 1 : Invalid condition id : UX_CORESTACK_Condition cause : null
2024-02-13 14:57:24,224 [INFO] LogOutputStream:77 - [STDOUT_REDIRECT] 1 : Invalid condition id : UX_CORESTACK_Condition cause : null
2024-02-13 14:57:24,226 [INFO] LogOutputStream:77 - [STDOUT_REDIRECT] 1 : Invalid condition id : UX_CORESTACK_Condition cause : null
2024-02-13 14:57:24,228 [INFO] LogOutputStream:77 - [STDOUT_REDIRECT] 1 : Invalid condition id : UX_CORESTACK_Condition cause : null
2024-02-13 14:57:24,233 [WARN] PackLoader:240 - Cannot read IP mode file for STMicroelectronics.X-CUBE-AZRTOS-WL.2.0.0
2024-02-13 14:57:24,243 [WARN] PackLoader:240 - Cannot read IP mode file for wolfSSL.I-CUBE-wolfSSL.5.6.6
2024-02-13 14:57:24,291 [WARN] PackLoader:240 - Cannot read IP mode file for SEGGER.I-CUBE-embOS.1.3.1
2024-02-13 14:57:24,364 [WARN] PackLoader:240 - Cannot read IP mode file for portGmbH.I-Cube-SoM-uGOAL.1.1.0
2024-02-13 14:57:24,381 [WARN] PackLoader:240 - Cannot read IP mode file for emotas.I-CUBE-CANOPEN.1.3.0
2024-02-13 14:57:24,389 [WARN] PackLoader:240 - Cannot read IP mode file for WES.I-CUBE-Cesium.1.3.0
2024-02-13 14:57:24,396 [WARN] PackLoader:240 - Cannot read IP mode file for ITTIA_DB.I-CUBE-ITTIADB.8.8.0
2024-02-13 14:57:24,413 [WARN] PackLoader:240 - Cannot read IP mode file for Infineon.AIROC-Wi-Fi-Bluetooth-STM32.1.5.1
2024-02-13 14:57:24,417 [INFO] PopulateThirdPartyThread:66 - Ending populate Thread
2024-02-13 14:57:24,424 [INFO] ThirdParty:1030 - CMSIS Pack Vendor :STMicroelectronics X-CUBE-DISPLAY 3.0.0
2024-02-13 14:57:24,425 [INFO] ThirdParty:1030 - CMSIS Pack Vendor :STMicroelectronics X-CUBE-GNSS1 6.0.0
2024-02-13 14:57:24,425 [INFO] ThirdParty:1030 - CMSIS Pack Vendor :STMicroelectronics FP-SNS-MOTENVWB1 1.3.1
2024-02-13 14:57:24,425 [INFO] ThirdParty:1030 - CMSIS Pack Vendor :STMicroelectronics X-CUBE-AZRTOS-F4 1.1.0
2024-02-13 14:57:24,425 [INFO] ThirdParty:1030 - CMSIS Pack Vendor :STMicroelectronics FP-ATR-SIGFOX1 3.2.0
2024-02-13 14:57:24,426 [INFO] ThirdParty:1030 - CMSIS Pack Vendor :STMicroelectronics X-CUBE-BLE1 7.0.0
2024-02-13 14:57:24,426 [INFO] ThirdParty:1030 - CMSIS Pack Vendor :STMicroelectronics X-CUBE-SMBUS 2.1.0
2024-02-13 14:57:24,426 [INFO] ThirdParty:1030 - CMSIS Pack Vendor :STMicroelectronics X-CUBE-ISPU 2.0.0
2024-02-13 14:57:24,426 [INFO] ThirdParty:1030 - CMSIS Pack Vendor :STMicroelectronics X-CUBE-EEPRMA1 5.1.0
2024-02-13 14:57:24,426 [INFO] ThirdParty:1030 - CMSIS Pack Vendor :STMicroelectronics X-CUBE-AZRTOS-WB 2.0.0
2024-02-13 14:57:24,426 [INFO] ThirdParty:1030 - CMSIS Pack Vendor :emotas I-CUBE-CANOPEN 1.3.0
2024-02-13 14:57:24,426 [INFO] ThirdParty:1030 - CMSIS Pack Vendor :STMicroelectronics X-CUBE-MEMS1 10.0.0
2024-02-13 14:57:24,426 [INFO] ThirdParty:1030 - CMSIS Pack Vendor :wolfSSL I-CUBE-wolfSSL 5.6.6
2024-02-13 14:57:24,427 [INFO] ThirdParty:1030 - CMSIS Pack Vendor :STMicroelectronics X-CUBE-FREERTOS 1.1.0
2024-02-13 14:57:24,427 [INFO] ThirdParty:1030 - CMSIS Pack Vendor :STMicroelectronics X-CUBE-NFC7 1.0.1
2024-02-13 14:57:24,427 [INFO] ThirdParty:1030 - CMSIS Pack Vendor :STMicroelectronics X-CUBE-TOUCHGFX 4.23.0
2024-02-13 14:57:24,427 [INFO] ThirdParty:1030 - CMSIS Pack Vendor :STMicroelectronics X-CUBE-AZRTOS-F7 1.1.0
2024-02-13 14:57:24,427 [INFO] ThirdParty:1030 - CMSIS Pack Vendor :STMicroelectronics X-CUBE-AZRTOS-L5 2.0.0
2024-02-13 14:57:24,427 [INFO] ThirdParty:1030 - CMSIS Pack Vendor :STMicroelectronics X-CUBE-NFC6 3.0.0
2024-02-13 14:57:24,427 [INFO] ThirdParty:1030 - CMSIS Pack Vendor :STMicroelectronics X-CUBE-ALS 1.0.1
2024-02-13 14:57:24,427 [INFO] ThirdParty:1030 - CMSIS Pack Vendor :portGmbH I-Cube-SoM-uGOAL 1.1.0
2024-02-13 14:57:24,427 [INFO] ThirdParty:1030 - CMSIS Pack Vendor :ITTIA_DB I-CUBE-ITTIADB 8.8.0
2024-02-13 14:57:24,428 [INFO] ThirdParty:1030 - CMSIS Pack Vendor :STMicroelectronics FP-SNS-SMARTAG2 1.2.0
2024-02-13 14:57:24,428 [INFO] ThirdParty:1030 - CMSIS Pack Vendor :STMicroelectronics FP-SNS-MOTENV1 4.3.2
2024-02-13 14:57:24,428 [INFO] ThirdParty:1030 - CMSIS Pack Vendor :STMicroelectronics X-CUBE-ALGOBUILD 1.3.0
2024-02-13 14:57:24,428 [INFO] ThirdParty:1030 - CMSIS Pack Vendor :STMicroelectronics X-CUBE-AZRTOS-WL 2.0.0
2024-02-13 14:57:24,428 [INFO] ThirdParty:1030 - CMSIS Pack Vendor :SEGGER I-CUBE-embOS 1.3.1
2024-02-13 14:57:24,428 [INFO] ThirdParty:1030 - CMSIS Pack Vendor :STMicroelectronics X-CUBE-AZRTOS-G0 1.1.0
2024-02-13 14:57:24,428 [INFO] ThirdParty:1030 - CMSIS Pack Vendor :STMicroelectronics X-CUBE-AI 8.1.0
2024-02-13 14:57:24,428 [INFO] ThirdParty:1030 - CMSIS Pack Vendor :STMicroelectronics X-CUBE-NFC4 3.0.0
2024-02-13 14:57:24,428 [INFO] ThirdParty:1030 - CMSIS Pack Vendor :STMicroelectronics X-CUBE-SUBG2 5.0.0
2024-02-13 14:57:24,428 [INFO] ThirdParty:1030 - CMSIS Pack Vendor :STMicroelectronics X-CUBE-AZRTOS-L4 2.0.0
2024-02-13 14:57:24,428 [INFO] ThirdParty:1030 - CMSIS Pack Vendor :STMicroelectronics FP-ATR-ASTRA1 2.0.0
2024-02-13 14:57:24,429 [INFO] ThirdParty:1030 - CMSIS Pack Vendor :WES I-CUBE-Cesium 1.3.0
2024-02-13 14:57:24,429 [INFO] ThirdParty:1030 - CMSIS Pack Vendor :STMicroelectronics X-CUBE-SFXS2LP1 4.0.0
2024-02-13 14:57:24,429 [INFO] ThirdParty:1030 - CMSIS Pack Vendor :STMicroelectronics FP-SNS-FLIGHT1 5.0.2
2024-02-13 14:57:24,429 [INFO] ThirdParty:1030 - CMSIS Pack Vendor :STMicroelectronics X-CUBE-BLE2 3.3.0
2024-02-13 14:57:24,429 [INFO] ThirdParty:1030 - CMSIS Pack Vendor :STMicroelectronics X-CUBE-TOF1 3.4.0
2024-02-13 14:57:24,429 [INFO] ThirdParty:1030 - CMSIS Pack Vendor :STMicroelectronics X-CUBE-AZRTOS-G4 2.0.0
2024-02-13 14:57:24,429 [INFO] ThirdParty:1030 - CMSIS Pack Vendor :STMicroelectronics X-CUBE-AZRTOS-H7 3.2.0
2024-02-13 14:57:24,429 [INFO] ThirdParty:1030 - CMSIS Pack Vendor :Infineon AIROC-Wi-Fi-Bluetooth-STM32 1.5.1
2024-02-13 14:57:24,429 [INFO] ThirdParty:1030 - CMSIS Pack Vendor :STMicroelectronics X-CUBE-BLEMGR 3.0.0
2024-02-13 14:57:24,430 [INFO] LoadServerUpdatesThread:375 - End of LoadServerUpdate Thread
2024-02-13 15:43:38,351 [INFO] McuFinderGlobals:63 - Set McuFinder mode to 2 (CubeIDE integrated)
2024-02-13 15:43:38,356 [INFO] UserAuth:180 - activating auth plugin
2024-02-13 15:43:38,360 [INFO] UserAuth:404 - Internet connection configuration mode: 1
2024-02-13 15:44:00,847 [INFO] WebApp:612 - userauth.ini deleted or not created
